{"C:\\more-recipes\\more-recipes\\server\\models\\index.js":{"path":"C:\\more-recipes\\more-recipes\\server\\models\\index.js","s":{"1":1,"2":1,"3":1,"4":1,"5":1,"6":1,"7":1,"8":1,"9":1,"10":0,"11":1,"12":1,"13":6,"14":5,"15":5,"16":1,"17":5,"18":5,"19":1,"20":1,"21":1},"b":{"1":[1,1],"2":[0,1],"3":[6,6,5],"4":[5,0]},"f":{},"fnMap":{},"statementMap":{"1":{"start":{"line":1,"column":0},"end":{"line":1,"column":25}},"2":{"start":{"line":2,"column":0},"end":{"line":2,"column":29}},"3":{"start":{"line":3,"column":0},"end":{"line":3,"column":39}},"4":{"start":{"line":4,"column":0},"end":{"line":4,"column":48}},"5":{"start":{"line":5,"column":0},"end":{"line":5,"column":50}},"6":{"start":{"line":6,"column":0},"end":{"line":6,"column":66}},"7":{"start":{"line":7,"column":0},"end":{"line":7,"column":14}},"8":{"start":{"line":9,"column":0},"end":{"line":9,"column":14}},"9":{"start":{"line":10,"column":0},"end":{"line":16,"column":1}},"10":{"start":{"line":11,"column":2},"end":{"line":11,"column":66}},"11":{"start":{"line":13,"column":2},"end":{"line":15,"column":4}},"12":{"start":{"line":18,"column":0},"end":{"line":27,"column":5}},"13":{"start":{"line":21,"column":4},"end":{"line":23,"column":30}},"14":{"start":{"line":25,"column":4},"end":{"line":25,"column":63}},"15":{"start":{"line":26,"column":4},"end":{"line":26,"column":27}},"16":{"start":{"line":29,"column":0},"end":{"line":33,"column":3}},"17":{"start":{"line":30,"column":2},"end":{"line":32,"column":3}},"18":{"start":{"line":31,"column":4},"end":{"line":31,"column":32}},"19":{"start":{"line":35,"column":0},"end":{"line":35,"column":25}},"20":{"start":{"line":36,"column":0},"end":{"line":36,"column":25}},"21":{"start":{"line":38,"column":0},"end":{"line":38,"column":20}}},"branchMap":{"1":{"line":5,"type":"binary-expr","locations":[{"start":{"line":5,"column":12},"end":{"line":5,"column":32}},{"start":{"line":5,"column":36},"end":{"line":5,"column":49}}]},"2":{"line":10,"type":"if","locations":[{"start":{"line":10,"column":0},"end":{"line":10,"column":0}},{"start":{"line":10,"column":0},"end":{"line":10,"column":0}}]},"3":{"line":21,"type":"binary-expr","locations":[{"start":{"line":21,"column":5},"end":{"line":21,"column":28}},{"start":{"line":22,"column":5},"end":{"line":22,"column":22}},{"start":{"line":23,"column":5},"end":{"line":23,"column":29}}]},"4":{"line":30,"type":"if","locations":[{"start":{"line":30,"column":2},"end":{"line":30,"column":2}},{"start":{"line":30,"column":2},"end":{"line":30,"column":2}}]}}},"C:\\more-recipes\\more-recipes\\server\\models\\favorite.js":{"path":"C:\\more-recipes\\more-recipes\\server\\models\\favorite.js","s":{"1":1,"2":1,"3":1,"4":1,"5":1},"b":{},"f":{},"fnMap":{},"statementMap":{"1":{"start":{"line":2,"column":0},"end":{"line":16,"column":2}},"2":{"start":{"line":3,"column":2},"end":{"line":8,"column":5}},"3":{"start":{"line":9,"column":2},"end":{"line":14,"column":2}},"4":{"start":{"line":10,"column":4},"end":{"line":13,"column":7}},"5":{"start":{"line":15,"column":2},"end":{"line":15,"column":18}}},"branchMap":{}},"C:\\more-recipes\\more-recipes\\server\\models\\recipereview.js":{"path":"C:\\more-recipes\\more-recipes\\server\\models\\recipereview.js","s":{"1":1,"2":1,"3":1,"4":1,"5":1},"b":{},"f":{},"fnMap":{},"statementMap":{"1":{"start":{"line":2,"column":0},"end":{"line":25,"column":2}},"2":{"start":{"line":3,"column":2},"end":{"line":16,"column":5}},"3":{"start":{"line":18,"column":2},"end":{"line":23,"column":4}},"4":{"start":{"line":19,"column":4},"end":{"line":22,"column":7}},"5":{"start":{"line":24,"column":2},"end":{"line":24,"column":22}}},"branchMap":{}},"C:\\more-recipes\\more-recipes\\server\\models\\recipesdetail.js":{"path":"C:\\more-recipes\\more-recipes\\server\\models\\recipesdetail.js","s":{"1":1,"2":1,"3":1,"4":1,"5":1,"6":1,"7":1},"b":{},"f":{},"fnMap":{},"statementMap":{"1":{"start":{"line":2,"column":0},"end":{"line":43,"column":2}},"2":{"start":{"line":3,"column":2},"end":{"line":26,"column":5}},"3":{"start":{"line":28,"column":2},"end":{"line":41,"column":3}},"4":{"start":{"line":29,"column":4},"end":{"line":32,"column":7}},"5":{"start":{"line":33,"column":4},"end":{"line":36,"column":7}},"6":{"start":{"line":37,"column":4},"end":{"line":40,"column":7}},"7":{"start":{"line":42,"column":2},"end":{"line":42,"column":23}}},"branchMap":{}},"C:\\more-recipes\\more-recipes\\server\\models\\vote.js":{"path":"C:\\more-recipes\\more-recipes\\server\\models\\vote.js","s":{"1":1,"2":1,"3":1,"4":1,"5":1},"b":{},"f":{},"fnMap":{},"statementMap":{"1":{"start":{"line":2,"column":0},"end":{"line":14,"column":2}},"2":{"start":{"line":3,"column":2},"end":{"line":6,"column":5}},"3":{"start":{"line":7,"column":2},"end":{"line":12,"column":3}},"4":{"start":{"line":8,"column":4},"end":{"line":11,"column":9}},"5":{"start":{"line":13,"column":2},"end":{"line":13,"column":14}}},"branchMap":{}}}