{"C:\\more-recipes\\more-recipes\\dist\\models\\models.js":{"path":"C:\\more-recipes\\more-recipes\\dist\\models\\models.js","s":{"1":1,"2":1,"3":1},"b":{},"f":{},"fnMap":{},"statementMap":{"1":{"start":{"line":3,"column":0},"end":{"line":5,"column":3}},"2":{"start":{"line":6,"column":0},"end":{"line":6,"column":17}},"3":{"start":{"line":7,"column":0},"end":{"line":26,"column":2}}},"branchMap":{}},"C:\\more-recipes\\more-recipes\\app.js":{"path":"C:\\more-recipes\\more-recipes\\app.js","s":{"1":1,"2":1,"3":1,"4":1,"5":1,"6":1,"7":1,"8":1,"9":1,"10":1,"11":1,"12":1,"13":1,"14":1,"15":1,"16":0,"17":1},"b":{},"f":{"1":1},"fnMap":{"1":{"name":"(anonymous_1)","line":24,"loc":{"start":{"line":24,"column":19},"end":{"line":24,"column":29}}}},"statementMap":{"1":{"start":{"line":1,"column":0},"end":{"line":1,"column":33}},"2":{"start":{"line":2,"column":0},"end":{"line":2,"column":20}},"3":{"start":{"line":3,"column":0},"end":{"line":3,"column":40}},"4":{"start":{"line":4,"column":0},"end":{"line":4,"column":31}},"5":{"start":{"line":6,"column":0},"end":{"line":6,"column":27}},"6":{"start":{"line":12,"column":0},"end":{"line":12,"column":28}},"7":{"start":{"line":13,"column":0},"end":{"line":13,"column":27}},"8":{"start":{"line":14,"column":0},"end":{"line":14,"column":49}},"9":{"start":{"line":15,"column":0},"end":{"line":15,"column":27}},"10":{"start":{"line":16,"column":0},"end":{"line":16,"column":54}},"11":{"start":{"line":21,"column":0},"end":{"line":21,"column":45}},"12":{"start":{"line":23,"column":0},"end":{"line":23,"column":23}},"13":{"start":{"line":24,"column":0},"end":{"line":26,"column":3}},"14":{"start":{"line":25,"column":1},"end":{"line":25,"column":34}},"15":{"start":{"line":28,"column":0},"end":{"line":30,"column":4}},"16":{"start":{"line":28,"column":27},"end":{"line":30,"column":2}},"17":{"start":{"line":32,"column":0},"end":{"line":32,"column":21}}},"branchMap":{}},"C:\\more-recipes\\more-recipes\\dist\\route\\route.js":{"path":"C:\\more-recipes\\more-recipes\\dist\\route\\route.js","s":{"1":1,"2":1,"3":1,"4":1,"5":1,"6":1,"7":1,"8":1,"9":1,"10":1,"11":1,"12":1,"13":1,"14":1,"15":1},"b":{"1":[1,0],"2":[1,1]},"f":{"1":1},"fnMap":{"1":{"name":"_interopRequireDefault","line":7,"loc":{"start":{"line":7,"column":0},"end":{"line":7,"column":37}}}},"statementMap":{"1":{"start":{"line":3,"column":0},"end":{"line":3,"column":48}},"2":{"start":{"line":5,"column":0},"end":{"line":5,"column":45}},"3":{"start":{"line":7,"column":0},"end":{"line":7,"column":95}},"4":{"start":{"line":7,"column":39},"end":{"line":7,"column":93}},"5":{"start":{"line":9,"column":0},"end":{"line":10,"column":30}},"6":{"start":{"line":13,"column":0},"end":{"line":13,"column":57}},"7":{"start":{"line":15,"column":0},"end":{"line":15,"column":57}},"8":{"start":{"line":16,"column":0},"end":{"line":16,"column":70}},"9":{"start":{"line":18,"column":0},"end":{"line":18,"column":67}},"10":{"start":{"line":19,"column":0},"end":{"line":19,"column":73}},"11":{"start":{"line":20,"column":0},"end":{"line":20,"column":79}},"12":{"start":{"line":22,"column":0},"end":{"line":22,"column":77}},"13":{"start":{"line":23,"column":0},"end":{"line":23,"column":81}},"14":{"start":{"line":24,"column":0},"end":{"line":24,"column":77}},"15":{"start":{"line":27,"column":0},"end":{"line":27,"column":24}}},"branchMap":{"1":{"line":7,"type":"cond-expr","locations":[{"start":{"line":7,"column":70},"end":{"line":7,"column":73}},{"start":{"line":7,"column":76},"end":{"line":7,"column":92}}]},"2":{"line":7,"type":"binary-expr","locations":[{"start":{"line":7,"column":46},"end":{"line":7,"column":49}},{"start":{"line":7,"column":53},"end":{"line":7,"column":67}}]}}},"C:\\more-recipes\\more-recipes\\dist\\controllers\\index.js":{"path":"C:\\more-recipes\\more-recipes\\dist\\controllers\\index.js","s":{"1":1,"2":1,"3":1,"4":1,"5":1,"6":1},"b":{"1":[1,0],"2":[1,1]},"f":{"1":1},"fnMap":{"1":{"name":"_interopRequireDefault","line":11,"loc":{"start":{"line":11,"column":0},"end":{"line":11,"column":37}}}},"statementMap":{"1":{"start":{"line":3,"column":0},"end":{"line":5,"column":3}},"2":{"start":{"line":7,"column":0},"end":{"line":7,"column":36}},"3":{"start":{"line":9,"column":0},"end":{"line":9,"column":49}},"4":{"start":{"line":11,"column":0},"end":{"line":11,"column":95}},"5":{"start":{"line":11,"column":39},"end":{"line":11,"column":93}},"6":{"start":{"line":13,"column":0},"end":{"line":13,"column":36}}},"branchMap":{"1":{"line":11,"type":"cond-expr","locations":[{"start":{"line":11,"column":70},"end":{"line":11,"column":73}},{"start":{"line":11,"column":76},"end":{"line":11,"column":92}}]},"2":{"line":11,"type":"binary-expr","locations":[{"start":{"line":11,"column":46},"end":{"line":11,"column":49}},{"start":{"line":11,"column":53},"end":{"line":11,"column":67}}]}}},"C:\\more-recipes\\more-recipes\\dist\\controllers\\recipes.js":{"path":"C:\\more-recipes\\more-recipes\\dist\\controllers\\recipes.js","s":{"1":1,"2":1,"3":1,"4":1,"5":9,"6":9,"7":9,"8":9,"9":9,"10":9,"11":1,"12":1,"13":1,"14":1,"15":0,"16":1,"17":1,"18":1,"19":1,"20":1,"21":1,"22":9,"23":0,"24":1,"25":1,"26":1,"27":1,"28":9,"29":9,"30":9,"31":1,"32":1,"33":1,"34":1,"35":1,"36":1,"37":1,"38":1,"39":1,"40":1,"41":0,"42":0,"43":0,"44":0,"45":1,"46":1,"47":1,"48":1,"49":0,"50":0,"51":0,"52":0,"53":0,"54":0,"55":0,"56":0,"57":0,"58":0,"59":0,"60":0,"61":0,"62":0,"63":0,"64":0,"65":0,"66":0,"67":0,"68":1,"69":1},"b":{"1":[9,9],"2":[9,0],"3":[1,0],"4":[0,1],"5":[1,0],"6":[1,1],"7":[0,9],"8":[1,0],"9":[0,0],"10":[1,0],"11":[0,0],"12":[0,0],"13":[0,0],"14":[0,0],"15":[0,0],"16":[0,0]},"f":{"1":1,"2":1,"3":1,"4":1,"5":9,"6":1,"7":9,"8":1,"9":1,"10":1,"11":0,"12":1,"13":0,"14":0,"15":0,"16":0},"fnMap":{"1":{"name":"(anonymous_1)","line":7,"loc":{"start":{"line":7,"column":19},"end":{"line":7,"column":31}}},"2":{"name":"defineProperties","line":7,"loc":{"start":{"line":7,"column":33},"end":{"line":7,"column":74}}},"3":{"name":"(anonymous_3)","line":7,"loc":{"start":{"line":7,"column":357},"end":{"line":7,"column":405}}},"4":{"name":"_interopRequireDefault","line":13,"loc":{"start":{"line":13,"column":0},"end":{"line":13,"column":37}}},"5":{"name":"_classCallCheck","line":15,"loc":{"start":{"line":15,"column":0},"end":{"line":15,"column":48}}},"6":{"name":"(anonymous_6)","line":20,"loc":{"start":{"line":20,"column":13},"end":{"line":20,"column":25}}},"7":{"name":"recipe","line":21,"loc":{"start":{"line":21,"column":2},"end":{"line":21,"column":36}}},"8":{"name":"listRecipe","line":30,"loc":{"start":{"line":30,"column":11},"end":{"line":30,"column":41}}},"9":{"name":"addRecipe","line":38,"loc":{"start":{"line":38,"column":11},"end":{"line":38,"column":40}}},"10":{"name":"updaterecipe","line":49,"loc":{"start":{"line":49,"column":11},"end":{"line":49,"column":43}}},"11":{"name":"getRecipe","line":68,"loc":{"start":{"line":68,"column":11},"end":{"line":68,"column":40}}},"12":{"name":"deleteRecipe","line":80,"loc":{"start":{"line":80,"column":11},"end":{"line":80,"column":43}}},"13":{"name":"reviewRecipe","line":93,"loc":{"start":{"line":93,"column":11},"end":{"line":93,"column":43}}},"14":{"name":"upvoteRecipe","line":109,"loc":{"start":{"line":109,"column":11},"end":{"line":109,"column":43}}},"15":{"name":"downvoteRecipe","line":128,"loc":{"start":{"line":128,"column":11},"end":{"line":128,"column":45}}},"16":{"name":"getReview","line":147,"loc":{"start":{"line":147,"column":11},"end":{"line":147,"column":40}}}},"statementMap":{"1":{"start":{"line":3,"column":0},"end":{"line":5,"column":3}},"2":{"start":{"line":7,"column":0},"end":{"line":7,"column":564}},"3":{"start":{"line":7,"column":33},"end":{"line":7,"column":349}},"4":{"start":{"line":7,"column":76},"end":{"line":7,"column":347}},"5":{"start":{"line":7,"column":117},"end":{"line":7,"column":143}},"6":{"start":{"line":7,"column":144},"end":{"line":7,"column":199}},"7":{"start":{"line":7,"column":200},"end":{"line":7,"column":231}},"8":{"start":{"line":7,"column":232},"end":{"line":7,"column":286}},"9":{"start":{"line":7,"column":259},"end":{"line":7,"column":286}},"10":{"start":{"line":7,"column":287},"end":{"line":7,"column":345}},"11":{"start":{"line":7,"column":350},"end":{"line":7,"column":559}},"12":{"start":{"line":7,"column":407},"end":{"line":7,"column":475}},"13":{"start":{"line":7,"column":423},"end":{"line":7,"column":475}},"14":{"start":{"line":7,"column":476},"end":{"line":7,"column":536}},"15":{"start":{"line":7,"column":493},"end":{"line":7,"column":536}},"16":{"start":{"line":7,"column":537},"end":{"line":7,"column":556}},"17":{"start":{"line":9,"column":0},"end":{"line":9,"column":42}},"18":{"start":{"line":11,"column":0},"end":{"line":11,"column":47}},"19":{"start":{"line":13,"column":0},"end":{"line":13,"column":95}},"20":{"start":{"line":13,"column":39},"end":{"line":13,"column":93}},"21":{"start":{"line":15,"column":0},"end":{"line":15,"column":153}},"22":{"start":{"line":15,"column":50},"end":{"line":15,"column":151}},"23":{"start":{"line":15,"column":92},"end":{"line":15,"column":149}},"24":{"start":{"line":17,"column":0},"end":{"line":17,"column":39}},"25":{"start":{"line":18,"column":0},"end":{"line":18,"column":40}},"26":{"start":{"line":20,"column":0},"end":{"line":163,"column":4}},"27":{"start":{"line":21,"column":2},"end":{"line":26,"column":3}},"28":{"start":{"line":22,"column":4},"end":{"line":22,"column":34}},"29":{"start":{"line":24,"column":4},"end":{"line":24,"column":27}},"30":{"start":{"line":25,"column":4},"end":{"line":25,"column":27}},"31":{"start":{"line":28,"column":2},"end":{"line":160,"column":6}},"32":{"start":{"line":31,"column":6},"end":{"line":34,"column":9}},"33":{"start":{"line":39,"column":6},"end":{"line":39,"column":26}},"34":{"start":{"line":40,"column":6},"end":{"line":40,"column":25}},"35":{"start":{"line":41,"column":6},"end":{"line":45,"column":9}},"36":{"start":{"line":50,"column":6},"end":{"line":64,"column":7}},"37":{"start":{"line":51,"column":8},"end":{"line":63,"column":9}},"38":{"start":{"line":52,"column":10},"end":{"line":52,"column":42}},"39":{"start":{"line":53,"column":10},"end":{"line":53,"column":56}},"40":{"start":{"line":54,"column":10},"end":{"line":57,"column":13}},"41":{"start":{"line":59,"column":10},"end":{"line":62,"column":13}},"42":{"start":{"line":69,"column":6},"end":{"line":76,"column":7}},"43":{"start":{"line":70,"column":8},"end":{"line":75,"column":9}},"44":{"start":{"line":71,"column":10},"end":{"line":74,"column":13}},"45":{"start":{"line":81,"column":6},"end":{"line":89,"column":7}},"46":{"start":{"line":82,"column":8},"end":{"line":88,"column":9}},"47":{"start":{"line":83,"column":10},"end":{"line":83,"column":31}},"48":{"start":{"line":84,"column":10},"end":{"line":87,"column":13}},"49":{"start":{"line":94,"column":6},"end":{"line":105,"column":7}},"50":{"start":{"line":95,"column":8},"end":{"line":104,"column":9}},"51":{"start":{"line":96,"column":10},"end":{"line":103,"column":11}},"52":{"start":{"line":97,"column":12},"end":{"line":97,"column":35}},"53":{"start":{"line":98,"column":12},"end":{"line":102,"column":15}},"54":{"start":{"line":110,"column":6},"end":{"line":124,"column":7}},"55":{"start":{"line":111,"column":8},"end":{"line":123,"column":9}},"56":{"start":{"line":112,"column":10},"end":{"line":112,"column":30}},"57":{"start":{"line":113,"column":10},"end":{"line":117,"column":13}},"58":{"start":{"line":119,"column":10},"end":{"line":122,"column":13}},"59":{"start":{"line":129,"column":6},"end":{"line":143,"column":7}},"60":{"start":{"line":130,"column":8},"end":{"line":142,"column":9}},"61":{"start":{"line":131,"column":10},"end":{"line":131,"column":32}},"62":{"start":{"line":132,"column":10},"end":{"line":136,"column":13}},"63":{"start":{"line":138,"column":10},"end":{"line":141,"column":13}},"64":{"start":{"line":148,"column":6},"end":{"line":158,"column":7}},"65":{"start":{"line":149,"column":8},"end":{"line":157,"column":9}},"66":{"start":{"line":150,"column":10},"end":{"line":156,"column":11}},"67":{"start":{"line":151,"column":12},"end":{"line":155,"column":15}},"68":{"start":{"line":162,"column":2},"end":{"line":162,"column":16}},"69":{"start":{"line":165,"column":0},"end":{"line":165,"column":25}}},"branchMap":{"1":{"line":7,"type":"binary-expr","locations":[{"start":{"line":7,"column":168},"end":{"line":7,"column":189}},{"start":{"line":7,"column":193},"end":{"line":7,"column":198}}]},"2":{"line":7,"type":"if","locations":[{"start":{"line":7,"column":232},"end":{"line":7,"column":232}},{"start":{"line":7,"column":232},"end":{"line":7,"column":232}}]},"3":{"line":7,"type":"if","locations":[{"start":{"line":7,"column":407},"end":{"line":7,"column":407}},{"start":{"line":7,"column":407},"end":{"line":7,"column":407}}]},"4":{"line":7,"type":"if","locations":[{"start":{"line":7,"column":476},"end":{"line":7,"column":476}},{"start":{"line":7,"column":476},"end":{"line":7,"column":476}}]},"5":{"line":13,"type":"cond-expr","locations":[{"start":{"line":13,"column":70},"end":{"line":13,"column":73}},{"start":{"line":13,"column":76},"end":{"line":13,"column":92}}]},"6":{"line":13,"type":"binary-expr","locations":[{"start":{"line":13,"column":46},"end":{"line":13,"column":49}},{"start":{"line":13,"column":53},"end":{"line":13,"column":67}}]},"7":{"line":15,"type":"if","locations":[{"start":{"line":15,"column":50},"end":{"line":15,"column":50}},{"start":{"line":15,"column":50},"end":{"line":15,"column":50}}]},"8":{"line":51,"type":"if","locations":[{"start":{"line":51,"column":8},"end":{"line":51,"column":8}},{"start":{"line":51,"column":8},"end":{"line":51,"column":8}}]},"9":{"line":70,"type":"if","locations":[{"start":{"line":70,"column":8},"end":{"line":70,"column":8}},{"start":{"line":70,"column":8},"end":{"line":70,"column":8}}]},"10":{"line":82,"type":"if","locations":[{"start":{"line":82,"column":8},"end":{"line":82,"column":8}},{"start":{"line":82,"column":8},"end":{"line":82,"column":8}}]},"11":{"line":95,"type":"if","locations":[{"start":{"line":95,"column":8},"end":{"line":95,"column":8}},{"start":{"line":95,"column":8},"end":{"line":95,"column":8}}]},"12":{"line":96,"type":"if","locations":[{"start":{"line":96,"column":10},"end":{"line":96,"column":10}},{"start":{"line":96,"column":10},"end":{"line":96,"column":10}}]},"13":{"line":111,"type":"if","locations":[{"start":{"line":111,"column":8},"end":{"line":111,"column":8}},{"start":{"line":111,"column":8},"end":{"line":111,"column":8}}]},"14":{"line":130,"type":"if","locations":[{"start":{"line":130,"column":8},"end":{"line":130,"column":8}},{"start":{"line":130,"column":8},"end":{"line":130,"column":8}}]},"15":{"line":149,"type":"if","locations":[{"start":{"line":149,"column":8},"end":{"line":149,"column":8}},{"start":{"line":149,"column":8},"end":{"line":149,"column":8}}]},"16":{"line":150,"type":"if","locations":[{"start":{"line":150,"column":10},"end":{"line":150,"column":10}},{"start":{"line":150,"column":10},"end":{"line":150,"column":10}}]}}}}