TN:
SF:C:\more-recipes\more\more-recipes\server\models\index.js
FNF:0
FNH:0
DA:1,1
DA:2,1
DA:3,1
DA:4,1
DA:5,1
DA:6,1
DA:7,1
DA:9,1
DA:10,1
DA:11,0
DA:13,1
DA:18,1
DA:21,6
DA:25,5
DA:26,5
DA:29,1
DA:30,5
DA:31,5
DA:35,1
DA:36,1
DA:38,1
LF:21
LH:20
BRDA:5,1,0,1
BRDA:5,1,1,1
BRDA:10,2,0,0
BRDA:10,2,1,1
BRDA:21,3,0,6
BRDA:21,3,1,6
BRDA:21,3,2,5
BRDA:30,4,0,5
BRDA:30,4,1,0
BRF:9
BRH:7
end_of_record
TN:
SF:C:\more-recipes\more\more-recipes\server\models\favorite.js
FNF:0
FNH:0
DA:2,1
DA:3,1
DA:9,1
DA:10,1
DA:15,1
LF:5
LH:5
BRF:0
BRH:0
end_of_record
TN:
SF:C:\more-recipes\more\more-recipes\server\models\recipereview.js
FNF:0
FNH:0
DA:2,1
DA:3,1
DA:18,1
DA:19,1
DA:24,1
LF:5
LH:5
BRF:0
BRH:0
end_of_record
TN:
SF:C:\more-recipes\more\more-recipes\server\models\recipesdetail.js
FNF:0
FNH:0
DA:2,1
DA:3,1
DA:28,1
DA:29,1
DA:33,1
DA:37,1
DA:42,1
LF:7
LH:7
BRF:0
BRH:0
end_of_record
TN:
SF:C:\more-recipes\more\more-recipes\server\models\vote.js
FNF:0
FNH:0
DA:2,1
DA:3,1
DA:7,1
DA:8,1
DA:13,1
LF:5
LH:5
BRF:0
BRH:0
end_of_record
