TN:
SF:C:\more-recipes\more-recipes\dist\models\models.js
FNF:0
FNH:0
DA:3,1
DA:6,1
DA:7,1
LF:3
LH:3
BRF:0
BRH:0
end_of_record
TN:
SF:C:\more-recipes\more-recipes\app.js
FN:24,(anonymous_1)
FNF:1
FNH:1
FNDA:1,(anonymous_1)
DA:1,1
DA:2,1
DA:3,1
DA:4,1
DA:6,1
DA:12,1
DA:13,1
DA:14,1
DA:15,1
DA:16,1
DA:21,1
DA:23,1
DA:24,1
DA:25,1
DA:28,1
DA:32,1
LF:16
LH:16
BRF:0
BRH:0
end_of_record
TN:
SF:C:\more-recipes\more-recipes\dist\route\route.js
FN:7,_interopRequireDefault
FNF:1
FNH:1
FNDA:1,_interopRequireDefault
DA:3,1
DA:5,1
DA:7,1
DA:9,1
DA:13,1
DA:15,1
DA:16,1
DA:18,1
DA:19,1
DA:20,1
DA:22,1
DA:23,1
DA:24,1
DA:27,1
LF:14
LH:14
BRDA:7,1,0,1
BRDA:7,1,1,0
BRDA:7,2,0,1
BRDA:7,2,1,1
BRF:4
BRH:3
end_of_record
TN:
SF:C:\more-recipes\more-recipes\dist\controllers\index.js
FN:11,_interopRequireDefault
FNF:1
FNH:1
FNDA:1,_interopRequireDefault
DA:3,1
DA:7,1
DA:9,1
DA:11,1
DA:13,1
LF:5
LH:5
BRDA:11,1,0,1
BRDA:11,1,1,0
BRDA:11,2,0,1
BRDA:11,2,1,1
BRF:4
BRH:3
end_of_record
TN:
SF:C:\more-recipes\more-recipes\dist\controllers\recipes.js
FN:7,(anonymous_1)
FN:7,defineProperties
FN:7,(anonymous_3)
FN:13,_interopRequireDefault
FN:15,_classCallCheck
FN:20,(anonymous_6)
FN:21,recipe
FN:30,listRecipe
FN:38,addRecipe
FN:49,updaterecipe
FN:68,getRecipe
FN:80,deleteRecipe
FN:93,reviewRecipe
FN:109,upvoteRecipe
FN:128,downvoteRecipe
FN:147,getReview
FNF:16
FNH:11
FNDA:1,(anonymous_1)
FNDA:1,defineProperties
FNDA:1,(anonymous_3)
FNDA:1,_interopRequireDefault
FNDA:9,_classCallCheck
FNDA:1,(anonymous_6)
FNDA:9,recipe
FNDA:1,listRecipe
FNDA:1,addRecipe
FNDA:1,updaterecipe
FNDA:0,getRecipe
FNDA:1,deleteRecipe
FNDA:0,reviewRecipe
FNDA:0,upvoteRecipe
FNDA:0,downvoteRecipe
FNDA:0,getReview
DA:3,1
DA:7,9
DA:9,1
DA:11,1
DA:13,1
DA:15,9
DA:17,1
DA:18,1
DA:20,1
DA:21,1
DA:22,9
DA:24,9
DA:25,9
DA:28,1
DA:31,1
DA:39,1
DA:40,1
DA:41,1
DA:50,1
DA:51,1
DA:52,1
DA:53,1
DA:54,1
DA:59,0
DA:69,0
DA:70,0
DA:71,0
DA:81,1
DA:82,1
DA:83,1
DA:84,1
DA:94,0
DA:95,0
DA:96,0
DA:97,0
DA:98,0
DA:110,0
DA:111,0
DA:112,0
DA:113,0
DA:119,0
DA:129,0
DA:130,0
DA:131,0
DA:132,0
DA:138,0
DA:148,0
DA:149,0
DA:150,0
DA:151,0
DA:162,1
DA:165,1
LF:52
LH:29
BRDA:7,1,0,9
BRDA:7,1,1,9
BRDA:7,2,0,9
BRDA:7,2,1,0
BRDA:7,3,0,1
BRDA:7,3,1,0
BRDA:7,4,0,0
BRDA:7,4,1,1
BRDA:13,5,0,1
BRDA:13,5,1,0
BRDA:13,6,0,1
BRDA:13,6,1,1
BRDA:15,7,0,0
BRDA:15,7,1,9
BRDA:51,8,0,1
BRDA:51,8,1,0
BRDA:70,9,0,0
BRDA:70,9,1,0
BRDA:82,10,0,1
BRDA:82,10,1,0
BRDA:95,11,0,0
BRDA:95,11,1,0
BRDA:96,12,0,0
BRDA:96,12,1,0
BRDA:111,13,0,0
BRDA:111,13,1,0
BRDA:130,14,0,0
BRDA:130,14,1,0
BRDA:149,15,0,0
BRDA:149,15,1,0
BRDA:150,16,0,0
BRDA:150,16,1,0
BRF:32
BRH:11
end_of_record
